android/app/build/intermediates/manifest_merge_blame_file/debug/manifest-merger-blame-debug-report.txt
1<?xml version="1.0" encoding="utf-8"?>
2<manifest xmlns:android="http://schemas.android.com/apk/res/android"
3    package="io.biolocal.fr"
4    android:versionCode="1"
5    android:versionName="1.0" >
6
7    <uses-sdk
8        android:minSdkVersion="21"
8-->src\main\AndroidManifest.xml
9        android:targetSdkVersion="29" />
9-->src\main\AndroidManifest.xml
10
11    <!-- Permissions -->
12
13    <uses-permission android:name="android.permission.INTERNET" />
13-->src\main\AndroidManifest.xml:47:5-67
13-->src\main\AndroidManifest.xml:47:22-64
14    <!-- Camera, Photos, input file -->
15    <uses-permission android:name="android.permission.READ_EXTERNAL_STORAGE" />
15-->src\main\AndroidManifest.xml:49:5-79
15-->src\main\AndroidManifest.xml:49:22-77
16    <uses-permission android:name="android.permission.WRITE_EXTERNAL_STORAGE" />
16-->src\main\AndroidManifest.xml:50:5-81
16-->src\main\AndroidManifest.xml:50:22-78
17    <!-- Geolocation API -->
18    <uses-permission android:name="android.permission.ACCESS_COARSE_LOCATION" />
18-->src\main\AndroidManifest.xml:52:5-81
18-->src\main\AndroidManifest.xml:52:22-78
19    <uses-permission android:name="android.permission.ACCESS_FINE_LOCATION" />
19-->src\main\AndroidManifest.xml:53:5-79
19-->src\main\AndroidManifest.xml:53:22-76
20
21    <uses-feature android:name="android.hardware.location.gps" />
21-->src\main\AndroidManifest.xml:54:5-66
21-->src\main\AndroidManifest.xml:54:19-63
22    <!-- Network API -->
23    <uses-permission android:name="android.permission.ACCESS_NETWORK_STATE" />
23-->src\main\AndroidManifest.xml:56:5-79
23-->src\main\AndroidManifest.xml:56:22-76
24    <!-- Navigator.getUserMedia -->
25    <!-- Video -->
26    <uses-permission android:name="android.permission.CAMERA" />
26-->src\main\AndroidManifest.xml:59:5-65
26-->src\main\AndroidManifest.xml:59:22-62
27    <!-- Audio -->
28    <uses-permission android:name="android.permission.RECORD_AUDIO" />
28-->src\main\AndroidManifest.xml:61:5-71
28-->src\main\AndroidManifest.xml:61:22-68
29    <uses-permission android:name="android.permission.MODIFY_AUDIO_SETTINGS" />
29-->src\main\AndroidManifest.xml:62:5-79
29-->src\main\AndroidManifest.xml:62:22-77
30    <uses-permission android:name="android.permission.FLASHLIGHT" />
30-->[:capacitor-cordova-android-plugins] AndroidManifest.xml:18:5-69
30-->[:capacitor-cordova-android-plugins] AndroidManifest.xml:18:22-66
31
32    <uses-feature
32-->[:capacitor-cordova-android-plugins] AndroidManifest.xml:20:5-22:35
33        android:name="android.hardware.camera"
33-->[:capacitor-cordova-android-plugins] AndroidManifest.xml:21:9-47
34        android:required="true" />
34-->[:capacitor-cordova-android-plugins] AndroidManifest.xml:22:9-32
35
36    <uses-permission android:name="android.permission.RECEIVE_BOOT_COMPLETED" />
36-->[:capacitor-android] AndroidManifest.xml:15:5-81
36-->[:capacitor-android] AndroidManifest.xml:15:22-78
37    <uses-permission android:name="android.permission.WAKE_LOCK" /> <!-- Required by older versions of Google Play services to create IID tokens -->
37-->[:capacitor-android] AndroidManifest.xml:16:5-68
37-->[:capacitor-android] AndroidManifest.xml:16:22-65
38    <uses-permission android:name="com.google.android.c2dm.permission.RECEIVE" />
38-->[com.google.firebase:firebase-iid:20.1.1] AndroidManifest.xml:26:5-82
38-->[com.google.firebase:firebase-iid:20.1.1] AndroidManifest.xml:26:22-79
39
40    <application
40-->src\main\AndroidManifest.xml:5:5-43:19
41        android:allowBackup="true"
41-->src\main\AndroidManifest.xml:6:9-35
42        android:appComponentFactory="androidx.core.app.CoreComponentFactory"
42-->[androidx.core:core:1.2.0] AndroidManifest.xml:24:18-86
43        android:debuggable="true"
44        android:icon="@mipmap/ic_launcher"
44-->src\main\AndroidManifest.xml:7:9-43
45        android:label="@string/app_name"
45-->src\main\AndroidManifest.xml:8:9-41
46        android:roundIcon="@mipmap/ic_launcher_round"
46-->src\main\AndroidManifest.xml:9:9-54
47        android:supportsRtl="true"
47-->src\main\AndroidManifest.xml:10:9-35
48        android:testOnly="true"
49        android:theme="@style/AppTheme" >
49-->src\main\AndroidManifest.xml:11:9-40
50        <activity
50-->src\main\AndroidManifest.xml:13:9-32:20
51            android:name="io.biolocal.fr.MainActivity"
51-->src\main\AndroidManifest.xml:15:13-55
52            android:configChanges="orientation|keyboardHidden|keyboard|screenSize|locale|smallestScreenSize|screenLayout|uiMode"
52-->src\main\AndroidManifest.xml:14:13-129
53            android:label="@string/title_activity_main"
53-->src\main\AndroidManifest.xml:16:13-56
54            android:launchMode="singleTask"
54-->src\main\AndroidManifest.xml:18:13-44
55            android:theme="@style/AppTheme.NoActionBarLaunch" >
55-->src\main\AndroidManifest.xml:17:13-62
56            <intent-filter>
56-->src\main\AndroidManifest.xml:20:13-23:29
57                <action android:name="android.intent.action.MAIN" />
57-->src\main\AndroidManifest.xml:21:17-69
57-->src\main\AndroidManifest.xml:21:25-66
58
59                <category android:name="android.intent.category.LAUNCHER" />
59-->src\main\AndroidManifest.xml:22:17-77
59-->src\main\AndroidManifest.xml:22:27-74
60            </intent-filter>
61            <intent-filter>
61-->src\main\AndroidManifest.xml:25:13-30:29
62                <action android:name="android.intent.action.VIEW" />
62-->src\main\AndroidManifest.xml:26:17-69
62-->src\main\AndroidManifest.xml:26:25-66
63
64                <category android:name="android.intent.category.DEFAULT" />
64-->src\main\AndroidManifest.xml:27:17-76
64-->src\main\AndroidManifest.xml:27:27-73
65                <category android:name="android.intent.category.BROWSABLE" />
65-->src\main\AndroidManifest.xml:28:17-78
65-->src\main\AndroidManifest.xml:28:27-75
66
67                <data android:scheme="@string/custom_url_scheme" />
67-->src\main\AndroidManifest.xml:29:17-68
67-->src\main\AndroidManifest.xml:29:23-65
68            </intent-filter>
69        </activity>
70
71        <provider
72            android:name="androidx.core.content.FileProvider"
72-->src\main\AndroidManifest.xml:35:13-62
73            android:authorities="io.biolocal.fr.fileprovider"
73-->src\main\AndroidManifest.xml:36:13-64
74            android:exported="false"
74-->src\main\AndroidManifest.xml:37:13-37
75            android:grantUriPermissions="true" >
75-->src\main\AndroidManifest.xml:38:13-47
76            <meta-data
76-->src\main\AndroidManifest.xml:39:13-41:64
77                android:name="android.support.FILE_PROVIDER_PATHS"
77-->src\main\AndroidManifest.xml:40:17-67
78                android:resource="@xml/file_paths" />
78-->src\main\AndroidManifest.xml:41:17-51
79        </provider>
80
81        <activity
81-->[:capacitor-cordova-android-plugins] AndroidManifest.xml:25:9-31:63
82            android:name="com.google.zxing.client.android.CaptureActivity"
82-->[:capacitor-cordova-android-plugins] AndroidManifest.xml:26:13-75
83            android:clearTaskOnLaunch="true"
83-->[:capacitor-cordova-android-plugins] AndroidManifest.xml:27:13-45
84            android:configChanges="orientation|keyboardHidden|screenSize"
84-->[:capacitor-cordova-android-plugins] AndroidManifest.xml:28:13-74
85            android:exported="false"
85-->[:capacitor-cordova-android-plugins] AndroidManifest.xml:29:13-37
86            android:theme="@android:style/Theme.NoTitleBar.Fullscreen"
86-->[:capacitor-cordova-android-plugins] AndroidManifest.xml:30:13-71
87            android:windowSoftInputMode="stateAlwaysHidden" />
87-->[:capacitor-cordova-android-plugins] AndroidManifest.xml:31:13-60
88        <activity
88-->[:capacitor-cordova-android-plugins] AndroidManifest.xml:32:9-34:37
89            android:name="com.google.zxing.client.android.encode.EncodeActivity"
89-->[:capacitor-cordova-android-plugins] AndroidManifest.xml:33:13-81
90            android:label="Share" />
90-->[:capacitor-cordova-android-plugins] AndroidManifest.xml:34:13-34
91
92        <service
92-->[:capacitor-android] AndroidManifest.xml:19:9-21:40
93            android:name="com.getcapacitor.plugin.background.BackgroundTaskService"
93-->[:capacitor-android] AndroidManifest.xml:20:13-84
94            android:exported="false" />
94-->[:capacitor-android] AndroidManifest.xml:21:13-37
95
96        <receiver android:name="com.getcapacitor.plugin.notification.TimedNotificationPublisher" />
96-->[:capacitor-android] AndroidManifest.xml:23:9-100
96-->[:capacitor-android] AndroidManifest.xml:23:19-97
97        <receiver android:name="com.getcapacitor.plugin.notification.NotificationDismissReceiver" />
97-->[:capacitor-android] AndroidManifest.xml:24:9-101
97-->[:capacitor-android] AndroidManifest.xml:24:19-98
98
99        <meta-data
99-->[:capacitor-android] AndroidManifest.xml:26:9-28:37
100            android:name="firebase_messaging_auto_init_enabled"
100-->[:capacitor-android] AndroidManifest.xml:27:13-64
101            android:value="false" />
101-->[:capacitor-android] AndroidManifest.xml:28:13-34
102
103        <service
103-->[:capacitor-android] AndroidManifest.xml:30:9-36:19
104            android:name="com.getcapacitor.CapacitorFirebaseMessagingService"
104-->[:capacitor-android] AndroidManifest.xml:31:13-78
105            android:stopWithTask="false" >
105-->[:capacitor-android] AndroidManifest.xml:32:13-41
106            <intent-filter>
106-->[:capacitor-android] AndroidManifest.xml:33:13-35:29
107                <action android:name="com.google.firebase.MESSAGING_EVENT" />
107-->[:capacitor-android] AndroidManifest.xml:34:17-78
107-->[:capacitor-android] AndroidManifest.xml:34:25-75
108            </intent-filter>
109        </service>
110
111        <receiver
111-->[:capacitor-android] AndroidManifest.xml:38:9-47:20
112            android:name="com.getcapacitor.plugin.notification.LocalNotificationRestoreReceiver"
112-->[:capacitor-android] AndroidManifest.xml:39:13-97
113            android:directBootAware="true"
113-->[:capacitor-android] AndroidManifest.xml:40:13-43
114            android:exported="false" >
114-->[:capacitor-android] AndroidManifest.xml:41:13-37
115            <intent-filter>
115-->[:capacitor-android] AndroidManifest.xml:42:13-46:29
116                <action android:name="android.intent.action.LOCKED_BOOT_COMPLETED" />
116-->[:capacitor-android] AndroidManifest.xml:43:17-86
116-->[:capacitor-android] AndroidManifest.xml:43:25-83
117                <action android:name="android.intent.action.BOOT_COMPLETED" />
117-->[:capacitor-android] AndroidManifest.xml:44:17-79
117-->[:capacitor-android] AndroidManifest.xml:44:25-76
118                <action android:name="android.intent.action.QUICKBOOT_POWERON" />
118-->[:capacitor-android] AndroidManifest.xml:45:17-82
118-->[:capacitor-android] AndroidManifest.xml:45:25-79
119            </intent-filter>
120        </receiver>
121        <!--
122             FirebaseMessagingService performs security checks at runtime,
123             but set to not exported to explicitly avoid allowing another app to call it.
124        -->
125        <service
125-->[com.google.firebase:firebase-messaging:20.1.2] AndroidManifest.xml:28:9-34:19
126            android:name="com.google.firebase.messaging.FirebaseMessagingService"
126-->[com.google.firebase:firebase-messaging:20.1.2] AndroidManifest.xml:29:13-82
127            android:exported="false" >
127-->[com.google.firebase:firebase-messaging:20.1.2] AndroidManifest.xml:30:13-37
128            <intent-filter android:priority="-500" >
128-->[:capacitor-android] AndroidManifest.xml:33:13-35:29
129                <action android:name="com.google.firebase.MESSAGING_EVENT" />
129-->[:capacitor-android] AndroidManifest.xml:34:17-78
129-->[:capacitor-android] AndroidManifest.xml:34:25-75
130            </intent-filter>
131        </service>
132        <service
132-->[com.google.firebase:firebase-messaging:20.1.2] AndroidManifest.xml:35:9-41:19
133            android:name="com.google.firebase.components.ComponentDiscoveryService"
133-->[com.google.firebase:firebase-messaging:20.1.2] AndroidManifest.xml:36:13-84
134            android:directBootAware="true"
134-->[com.google.firebase:firebase-common:19.3.0] AndroidManifest.xml:34:13-43
135            android:exported="false" >
135-->[com.google.firebase:firebase-messaging:20.1.2] AndroidManifest.xml:37:13-37
136            <meta-data
136-->[com.google.firebase:firebase-messaging:20.1.2] AndroidManifest.xml:38:13-40:85
137                android:name="com.google.firebase.components:com.google.firebase.messaging.FirebaseMessagingRegistrar"
137-->[com.google.firebase:firebase-messaging:20.1.2] AndroidManifest.xml:39:17-119
138                android:value="com.google.firebase.components.ComponentRegistrar" />
138-->[com.google.firebase:firebase-messaging:20.1.2] AndroidManifest.xml:40:17-82
139            <meta-data
139-->[com.google.firebase:firebase-datatransport:17.0.3] AndroidManifest.xml:28:13-30:85
140                android:name="com.google.firebase.components:com.google.firebase.datatransport.TransportRegistrar"
140-->[com.google.firebase:firebase-datatransport:17.0.3] AndroidManifest.xml:29:17-115
141                android:value="com.google.firebase.components.ComponentRegistrar" />
141-->[com.google.firebase:firebase-datatransport:17.0.3] AndroidManifest.xml:30:17-82
142            <meta-data
142-->[com.google.firebase:firebase-iid:20.1.1] AndroidManifest.xml:32:13-34:85
143                android:name="com.google.firebase.components:com.google.firebase.iid.Registrar"
143-->[com.google.firebase:firebase-iid:20.1.1] AndroidManifest.xml:33:17-96
144                android:value="com.google.firebase.components.ComponentRegistrar" />
144-->[com.google.firebase:firebase-iid:20.1.1] AndroidManifest.xml:34:17-82
145            <meta-data
145-->[com.google.firebase:firebase-installations:16.0.0] AndroidManifest.xml:17:13-19:85
146                android:name="com.google.firebase.components:com.google.firebase.installations.FirebaseInstallationsRegistrar"
146-->[com.google.firebase:firebase-installations:16.0.0] AndroidManifest.xml:18:17-127
147                android:value="com.google.firebase.components.ComponentRegistrar" />
147-->[com.google.firebase:firebase-installations:16.0.0] AndroidManifest.xml:19:17-82
148        </service>
149
150        <receiver
150-->[com.google.firebase:firebase-iid:20.1.1] AndroidManifest.xml:37:9-44:20
151            android:name="com.google.firebase.iid.FirebaseInstanceIdReceiver"
151-->[com.google.firebase:firebase-iid:20.1.1] AndroidManifest.xml:38:13-78
152            android:exported="true"
152-->[com.google.firebase:firebase-iid:20.1.1] AndroidManifest.xml:39:13-36
153            android:permission="com.google.android.c2dm.permission.SEND" >
153-->[com.google.firebase:firebase-iid:20.1.1] AndroidManifest.xml:40:13-73
154            <intent-filter>
154-->[com.google.firebase:firebase-iid:20.1.1] AndroidManifest.xml:41:13-43:29
155                <action android:name="com.google.android.c2dm.intent.RECEIVE" />
155-->[com.google.firebase:firebase-iid:20.1.1] AndroidManifest.xml:42:17-81
155-->[com.google.firebase:firebase-iid:20.1.1] AndroidManifest.xml:42:25-78
156            </intent-filter>
157        </receiver>
158
159        <provider
159-->[com.google.firebase:firebase-common:19.3.0] AndroidManifest.xml:26:9-30:39
160            android:name="com.google.firebase.provider.FirebaseInitProvider"
160-->[com.google.firebase:firebase-common:19.3.0] AndroidManifest.xml:27:13-77
161            android:authorities="io.biolocal.fr.firebaseinitprovider"
161-->[com.google.firebase:firebase-common:19.3.0] AndroidManifest.xml:28:13-72
162            android:exported="false"
162-->[com.google.firebase:firebase-common:19.3.0] AndroidManifest.xml:29:13-37
163            android:initOrder="100" />
163-->[com.google.firebase:firebase-common:19.3.0] AndroidManifest.xml:30:13-36
164
165        <activity
165-->[com.google.android.gms:play-services-base:17.0.0] AndroidManifest.xml:23:9-26:75
166            android:name="com.google.android.gms.common.api.GoogleApiActivity"
166-->[com.google.android.gms:play-services-base:17.0.0] AndroidManifest.xml:24:13-79
167            android:exported="false"
167-->[com.google.android.gms:play-services-base:17.0.0] AndroidManifest.xml:25:13-37
168            android:theme="@android:style/Theme.Translucent.NoTitleBar" />
168-->[com.google.android.gms:play-services-base:17.0.0] AndroidManifest.xml:26:13-72
169
170        <meta-data
170-->[com.google.android.gms:play-services-basement:17.0.0] AndroidManifest.xml:23:9-25:69
171            android:name="com.google.android.gms.version"
171-->[com.google.android.gms:play-services-basement:17.0.0] AndroidManifest.xml:24:13-58
172            android:value="@integer/google_play_services_version" />
172-->[com.google.android.gms:play-services-basement:17.0.0] AndroidManifest.xml:25:13-66
173
174        <service
174-->[com.google.android.datatransport:transport-backend-cct:2.2.0] AndroidManifest.xml:29:9-35:19
175            android:name="com.google.android.datatransport.runtime.backends.TransportBackendDiscovery"
175-->[com.google.android.datatransport:transport-backend-cct:2.2.0] AndroidManifest.xml:30:13-103
176            android:exported="false" >
176-->[com.google.android.datatransport:transport-backend-cct:2.2.0] AndroidManifest.xml:31:13-37
177            <meta-data
177-->[com.google.android.datatransport:transport-backend-cct:2.2.0] AndroidManifest.xml:32:13-34:39
178                android:name="backend:com.google.android.datatransport.cct.CctBackendFactory"
178-->[com.google.android.datatransport:transport-backend-cct:2.2.0] AndroidManifest.xml:33:17-94
179                android:value="cct" />
179-->[com.google.android.datatransport:transport-backend-cct:2.2.0] AndroidManifest.xml:34:17-36
180        </service>
181        <service
181-->[com.google.android.datatransport:transport-runtime:2.2.0] AndroidManifest.xml:26:9-30:19
182            android:name="com.google.android.datatransport.runtime.scheduling.jobscheduling.JobInfoSchedulerService"
182-->[com.google.android.datatransport:transport-runtime:2.2.0] AndroidManifest.xml:27:13-117
183            android:exported="false"
183-->[com.google.android.datatransport:transport-runtime:2.2.0] AndroidManifest.xml:28:13-37
184            android:permission="android.permission.BIND_JOB_SERVICE" >
184-->[com.google.android.datatransport:transport-runtime:2.2.0] AndroidManifest.xml:29:13-69
185        </service>
186
187        <receiver
187-->[com.google.android.datatransport:transport-runtime:2.2.0] AndroidManifest.xml:32:9-34:40
188            android:name="com.google.android.datatransport.runtime.scheduling.jobscheduling.AlarmManagerSchedulerBroadcastReceiver"
188-->[com.google.android.datatransport:transport-runtime:2.2.0] AndroidManifest.xml:33:13-132
189            android:exported="false" />
189-->[com.google.android.datatransport:transport-runtime:2.2.0] AndroidManifest.xml:34:13-37
190    </application>
191
192</manifest>